<?xml version="1.0" encoding="UTF-8"?>
<coverage generated="1708292492611" clover="3.2.0">
  <project timestamp="1708292492611" name="All files">
    <metrics statements="52" coveredstatements="52" conditionals="36" coveredconditionals="36" methods="14" coveredmethods="14" elements="102" coveredelements="102" complexity="0" loc="52" ncloc="52" packages="2" files="5" classes="5"/>
    <package name="src">
      <metrics statements="28" coveredstatements="28" conditionals="23" coveredconditionals="23" methods="5" coveredmethods="5"/>
      <file name="index.tsx" path="/Users/joaomantovani/projects/forceupdate/forceupdate-reactnative/src/index.tsx">
        <metrics statements="28" coveredstatements="28" conditionals="23" coveredconditionals="23" methods="5" coveredmethods="5"/>
        <line num="29" count="1" type="stmt"/>
        <line num="38" count="73" type="stmt"/>
        <line num="39" count="73" type="stmt"/>
        <line num="41" count="73" type="stmt"/>
        <line num="51" count="73" type="stmt"/>
        <line num="53" count="73" type="stmt"/>
        <line num="54" count="24" type="stmt"/>
        <line num="56" count="24" type="cond" truecount="2" falsecount="0"/>
        <line num="57" count="23" type="stmt"/>
        <line num="60" count="24" type="stmt"/>
        <line num="67" count="20" type="stmt"/>
        <line num="69" count="20" type="cond" truecount="2" falsecount="0"/>
        <line num="70" count="19" type="stmt"/>
        <line num="74" count="5" type="stmt"/>
        <line num="76" count="5" type="cond" truecount="2" falsecount="0"/>
        <line num="77" count="4" type="stmt"/>
        <line num="81" count="24" type="stmt"/>
        <line num="83" count="24" type="cond" truecount="2" falsecount="0"/>
        <line num="84" count="23" type="stmt"/>
        <line num="98" count="73" type="cond" truecount="2" falsecount="0"/>
        <line num="99" count="49" type="stmt"/>
        <line num="102" count="24" type="cond" truecount="2" falsecount="0"/>
        <line num="103" count="5" type="stmt"/>
        <line num="106" count="19" type="cond" truecount="2" falsecount="0"/>
        <line num="107" count="4" type="stmt"/>
        <line num="121" count="15" type="cond" truecount="2" falsecount="0"/>
        <line num="122" count="7" type="stmt"/>
        <line num="138" count="8" type="stmt"/>
      </file>
    </package>
    <package name="src.components">
      <metrics statements="24" coveredstatements="24" conditionals="13" coveredconditionals="13" methods="9" coveredmethods="9"/>
      <file name="AppBackgroundView.tsx" path="/Users/joaomantovani/projects/forceupdate/forceupdate-reactnative/src/components/AppBackgroundView.tsx">
        <metrics statements="3" coveredstatements="3" conditionals="0" coveredconditionals="0" methods="1" coveredmethods="1"/>
        <line num="9" count="5" type="stmt"/>
        <line num="12" count="18" type="stmt"/>
        <line num="19" count="5" type="stmt"/>
      </file>
      <file name="CustomModal.tsx" path="/Users/joaomantovani/projects/forceupdate/forceupdate-reactnative/src/components/CustomModal.tsx">
        <metrics statements="5" coveredstatements="5" conditionals="2" coveredconditionals="2" methods="2" coveredmethods="2"/>
        <line num="26" count="3" type="stmt"/>
        <line num="28" count="3" type="stmt"/>
        <line num="34" count="11" type="stmt"/>
        <line num="52" count="13" type="stmt"/>
        <line num="66" count="3" type="stmt"/>
      </file>
      <file name="ForceUpdateModal.tsx" path="/Users/joaomantovani/projects/forceupdate/forceupdate-reactnative/src/components/ForceUpdateModal.tsx">
        <metrics statements="5" coveredstatements="5" conditionals="4" coveredconditionals="4" methods="2" coveredmethods="2"/>
        <line num="15" count="2" type="stmt"/>
        <line num="24" count="9" type="stmt"/>
        <line num="25" count="3" type="stmt"/>
        <line num="26" count="3" type="cond" truecount="2" falsecount="0"/>
        <line num="29" count="9" type="stmt"/>
      </file>
      <file name="UpdateModal.tsx" path="/Users/joaomantovani/projects/forceupdate/forceupdate-reactnative/src/components/UpdateModal.tsx">
        <metrics statements="11" coveredstatements="11" conditionals="7" coveredconditionals="7" methods="4" coveredmethods="4"/>
        <line num="17" count="2" type="stmt"/>
        <line num="28" count="11" type="stmt"/>
        <line num="29" count="1" type="cond" truecount="2" falsecount="0"/>
        <line num="30" count="1" type="stmt"/>
        <line num="33" count="11" type="stmt"/>
        <line num="34" count="1" type="cond" truecount="2" falsecount="0"/>
        <line num="37" count="11" type="stmt"/>
        <line num="38" count="11" type="stmt"/>
        <line num="66" count="11" type="cond" truecount="2" falsecount="0"/>
        <line num="67" count="10" type="stmt"/>
        <line num="70" count="1" type="stmt"/>
      </file>
    </package>
  </project>
</coverage>
