{"/Users/joaomantovani/projects/forceupdate/forceupdate-reactnative/src/index.tsx": {"path":"/Users/joaomantovani/projects/forceupdate/forceupdate-reactnative/src/index.tsx","statementMap":{"0":{"start":{"line":28,"column":51},"end":{"line":134,"column":1}},"1":{"start":{"line":37,"column":30},"end":{"line":37,"column":65}},"2":{"start":{"line":38,"column":36},"end":{"line":38,"column":65}},"3":{"start":{"line":40,"column":4},"end":{"line":40,"column":54}},"4":{"start":{"line":50,"column":6},"end":{"line":50,"column":11}},"5":{"start":{"line":52,"column":2},"end":{"line":95,"column":5}},"6":{"start":{"line":53,"column":4},"end":{"line":53,"column":23}},"7":{"start":{"line":55,"column":4},"end":{"line":57,"column":5}},"8":{"start":{"line":56,"column":6},"end":{"line":56,"column":23}},"9":{"start":{"line":59,"column":4},"end":{"line":85,"column":9}},"10":{"start":{"line":66,"column":8},"end":{"line":66,"column":33}},"11":{"start":{"line":68,"column":8},"end":{"line":70,"column":9}},"12":{"start":{"line":69,"column":10},"end":{"line":69,"column":42}},"13":{"start":{"line":73,"column":8},"end":{"line":73,"column":39}},"14":{"start":{"line":75,"column":8},"end":{"line":77,"column":9}},"15":{"start":{"line":76,"column":10},"end":{"line":76,"column":45}},"16":{"start":{"line":80,"column":8},"end":{"line":80,"column":28}},"17":{"start":{"line":82,"column":8},"end":{"line":84,"column":9}},"18":{"start":{"line":83,"column":10},"end":{"line":83,"column":25}},"19":{"start":{"line":97,"column":2},"end":{"line":99,"column":3}},"20":{"start":{"line":98,"column":4},"end":{"line":98,"column":32}},"21":{"start":{"line":101,"column":2},"end":{"line":114,"column":3}},"22":{"start":{"line":102,"column":4},"end":{"line":113,"column":6}},"23":{"start":{"line":116,"column":2},"end":{"line":131,"column":3}},"24":{"start":{"line":117,"column":4},"end":{"line":130,"column":6}},"25":{"start":{"line":133,"column":2},"end":{"line":133,"column":25}}},"fnMap":{"0":{"name":"(anonymous_0)","decl":{"start":{"line":28,"column":51},"end":{"line":28,"column":52}},"loc":{"start":{"line":36,"column":20},"end":{"line":134,"column":1}},"line":36},"1":{"name":"(anonymous_1)","decl":{"start":{"line":52,"column":18},"end":{"line":52,"column":19}},"loc":{"start":{"line":52,"column":24},"end":{"line":86,"column":3}},"line":52},"2":{"name":"(anonymous_2)","decl":{"start":{"line":65,"column":12},"end":{"line":65,"column":13}},"loc":{"start":{"line":65,"column":26},"end":{"line":71,"column":7}},"line":65},"3":{"name":"(anonymous_3)","decl":{"start":{"line":72,"column":13},"end":{"line":72,"column":14}},"loc":{"start":{"line":72,"column":24},"end":{"line":78,"column":7}},"line":72},"4":{"name":"(anonymous_4)","decl":{"start":{"line":79,"column":15},"end":{"line":79,"column":16}},"loc":{"start":{"line":79,"column":21},"end":{"line":85,"column":7}},"line":79}},"branchMap":{"0":{"loc":{"start":{"line":34,"column":2},"end":{"line":34,"column":26}},"type":"default-arg","locations":[{"start":{"line":34,"column":22},"end":{"line":34,"column":26}}],"line":34},"1":{"loc":{"start":{"line":55,"column":4},"end":{"line":57,"column":5}},"type":"if","locations":[{"start":{"line":55,"column":4},"end":{"line":57,"column":5}},{"start":{},"end":{}}],"line":55},"2":{"loc":{"start":{"line":68,"column":8},"end":{"line":70,"column":9}},"type":"if","locations":[{"start":{"line":68,"column":8},"end":{"line":70,"column":9}},{"start":{},"end":{}}],"line":68},"3":{"loc":{"start":{"line":75,"column":8},"end":{"line":77,"column":9}},"type":"if","locations":[{"start":{"line":75,"column":8},"end":{"line":77,"column":9}},{"start":{},"end":{}}],"line":75},"4":{"loc":{"start":{"line":82,"column":8},"end":{"line":84,"column":9}},"type":"if","locations":[{"start":{"line":82,"column":8},"end":{"line":84,"column":9}},{"start":{},"end":{}}],"line":82},"5":{"loc":{"start":{"line":97,"column":2},"end":{"line":99,"column":3}},"type":"if","locations":[{"start":{"line":97,"column":2},"end":{"line":99,"column":3}},{"start":{},"end":{}}],"line":97},"6":{"loc":{"start":{"line":101,"column":2},"end":{"line":114,"column":3}},"type":"if","locations":[{"start":{"line":101,"column":2},"end":{"line":114,"column":3}},{"start":{},"end":{}}],"line":101},"7":{"loc":{"start":{"line":108,"column":23},"end":{"line":108,"column":59}},"type":"cond-expr","locations":[{"start":{"line":108,"column":39},"end":{"line":108,"column":52}},{"start":{"line":108,"column":55},"end":{"line":108,"column":59}}],"line":108},"8":{"loc":{"start":{"line":116,"column":2},"end":{"line":131,"column":3}},"type":"if","locations":[{"start":{"line":116,"column":2},"end":{"line":131,"column":3}},{"start":{},"end":{}}],"line":116},"9":{"loc":{"start":{"line":124,"column":18},"end":{"line":124,"column":44}},"type":"cond-expr","locations":[{"start":{"line":124,"column":29},"end":{"line":124,"column":37}},{"start":{"line":124,"column":40},"end":{"line":124,"column":44}}],"line":124},"10":{"loc":{"start":{"line":125,"column":19},"end":{"line":125,"column":47}},"type":"cond-expr","locations":[{"start":{"line":125,"column":31},"end":{"line":125,"column":40}},{"start":{"line":125,"column":43},"end":{"line":125,"column":47}}],"line":125}},"s":{"0":1,"1":73,"2":73,"3":73,"4":73,"5":73,"6":24,"7":24,"8":23,"9":24,"10":20,"11":20,"12":19,"13":5,"14":5,"15":4,"16":24,"17":24,"18":23,"19":73,"20":49,"21":24,"22":4,"23":20,"24":7,"25":13},"f":{"0":73,"1":24,"2":20,"3":5,"4":24},"b":{"0":[67],"1":[23,1],"2":[19,1],"3":[4,1],"4":[23,1],"5":[49,24],"6":[4,20],"7":[2,2],"8":[7,13],"9":[5,2],"10":[3,4]},"_coverageSchema":"1a1c01bbd47fc00a2c39e90264f33305004495a9","hash":"9339c40e1fc96ed92e3a8047c997c9d8eb4fc41a"}
,"/Users/joaomantovani/projects/forceupdate/forceupdate-reactnative/src/components/AppBackgroundView.tsx": {"path":"/Users/joaomantovani/projects/forceupdate/forceupdate-reactnative/src/components/AppBackgroundView.tsx","statementMap":{"0":{"start":{"line":9,"column":67},"end":{"line":17,"column":1}},"1":{"start":{"line":12,"column":2},"end":{"line":16,"column":4}},"2":{"start":{"line":19,"column":15},"end":{"line":23,"column":2}}},"fnMap":{"0":{"name":"(anonymous_0)","decl":{"start":{"line":9,"column":67},"end":{"line":9,"column":68}},"loc":{"start":{"line":11,"column":6},"end":{"line":17,"column":1}},"line":11}},"branchMap":{},"s":{"0":5,"1":18,"2":5},"f":{"0":18},"b":{},"_coverageSchema":"1a1c01bbd47fc00a2c39e90264f33305004495a9","hash":"594f996d9acc5d6ccaf4c6f241220e3b9a361026"}
,"/Users/joaomantovani/projects/forceupdate/forceupdate-reactnative/src/components/Center.tsx": {"path":"/Users/joaomantovani/projects/forceupdate/forceupdate-reactnative/src/components/Center.tsx","statementMap":{"0":{"start":{"line":8,"column":50},"end":{"line":14,"column":1}},"1":{"start":{"line":9,"column":2},"end":{"line":13,"column":4}},"2":{"start":{"line":16,"column":15},"end":{"line":22,"column":2}}},"fnMap":{"0":{"name":"(anonymous_0)","decl":{"start":{"line":8,"column":50},"end":{"line":8,"column":51}},"loc":{"start":{"line":8,"column":68},"end":{"line":14,"column":1}},"line":8}},"branchMap":{},"s":{"0":4,"1":53,"2":4},"f":{"0":53},"b":{},"_coverageSchema":"1a1c01bbd47fc00a2c39e90264f33305004495a9","hash":"55601c99d77996dd7ef6f5525691814dc1a9767b"}
,"/Users/joaomantovani/projects/forceupdate/forceupdate-reactnative/src/components/CustomModal.tsx": {"path":"/Users/joaomantovani/projects/forceupdate/forceupdate-reactnative/src/components/CustomModal.tsx","statementMap":{"0":{"start":{"line":26,"column":20},"end":{"line":26,"column":50}},"1":{"start":{"line":28,"column":45},"end":{"line":64,"column":1}},"2":{"start":{"line":34,"column":2},"end":{"line":63,"column":4}},"3":{"start":{"line":52,"column":16},"end":{"line":56,"column":18}},"4":{"start":{"line":66,"column":15},"end":{"line":106,"column":2}}},"fnMap":{"0":{"name":"(anonymous_0)","decl":{"start":{"line":28,"column":45},"end":{"line":28,"column":46}},"loc":{"start":{"line":33,"column":6},"end":{"line":64,"column":1}},"line":33},"1":{"name":"(anonymous_1)","decl":{"start":{"line":51,"column":27},"end":{"line":51,"column":28}},"loc":{"start":{"line":52,"column":16},"end":{"line":56,"column":18}},"line":52}},"branchMap":{"0":{"loc":{"start":{"line":36,"column":7},"end":{"line":36,"column":68}},"type":"binary-expr","locations":[{"start":{"line":36,"column":7},"end":{"line":36,"column":15}},{"start":{"line":36,"column":19},"end":{"line":36,"column":68}}],"line":36}},"s":{"0":3,"1":3,"2":11,"3":13,"4":3},"f":{"0":11,"1":13},"b":{"0":[11,7]},"_coverageSchema":"1a1c01bbd47fc00a2c39e90264f33305004495a9","hash":"a18a76612324c3534a9e6dfd3e2c0056467ab0cb"}
,"/Users/joaomantovani/projects/forceupdate/forceupdate-reactnative/src/components/ErrorComponent.tsx": {"path":"/Users/joaomantovani/projects/forceupdate/forceupdate-reactnative/src/components/ErrorComponent.tsx","statementMap":{"0":{"start":{"line":10,"column":2},"end":{"line":14,"column":4}}},"fnMap":{"0":{"name":"ErrorComponent","decl":{"start":{"line":5,"column":24},"end":{"line":5,"column":38}},"loc":{"start":{"line":9,"column":3},"end":{"line":15,"column":1}},"line":9}},"branchMap":{},"s":{"0":1},"f":{"0":1},"b":{},"_coverageSchema":"1a1c01bbd47fc00a2c39e90264f33305004495a9","hash":"b0ec5357db7ddedc48f67ea856dca48e3ffc614d"}
,"/Users/joaomantovani/projects/forceupdate/forceupdate-reactnative/src/components/ForceUpdateModal.tsx": {"path":"/Users/joaomantovani/projects/forceupdate/forceupdate-reactnative/src/components/ForceUpdateModal.tsx","statementMap":{"0":{"start":{"line":15,"column":61},"end":{"line":45,"column":1}},"1":{"start":{"line":24,"column":23},"end":{"line":27,"column":32}},"2":{"start":{"line":25,"column":4},"end":{"line":25,"column":31}},"3":{"start":{"line":26,"column":4},"end":{"line":26,"column":37}},"4":{"start":{"line":29,"column":2},"end":{"line":44,"column":4}}},"fnMap":{"0":{"name":"(anonymous_0)","decl":{"start":{"line":15,"column":61},"end":{"line":15,"column":62}},"loc":{"start":{"line":23,"column":6},"end":{"line":45,"column":1}},"line":23},"1":{"name":"(anonymous_1)","decl":{"start":{"line":24,"column":35},"end":{"line":24,"column":36}},"loc":{"start":{"line":24,"column":41},"end":{"line":27,"column":3}},"line":24}},"branchMap":{"0":{"loc":{"start":{"line":26,"column":4},"end":{"line":26,"column":36}},"type":"binary-expr","locations":[{"start":{"line":26,"column":4},"end":{"line":26,"column":17}},{"start":{"line":26,"column":21},"end":{"line":26,"column":36}}],"line":26},"1":{"loc":{"start":{"line":42,"column":7},"end":{"line":42,"column":42}},"type":"cond-expr","locations":[{"start":{"line":42,"column":27},"end":{"line":42,"column":35}},{"start":{"line":42,"column":38},"end":{"line":42,"column":42}}],"line":42}},"s":{"0":2,"1":9,"2":3,"3":3,"4":9},"f":{"0":9,"1":3},"b":{"0":[3,3],"1":[7,2]},"_coverageSchema":"1a1c01bbd47fc00a2c39e90264f33305004495a9","hash":"b7daa6f077548f24fd108ce8806d4ece827b68a9"}
,"/Users/joaomantovani/projects/forceupdate/forceupdate-reactnative/src/components/Loading.tsx": {"path":"/Users/joaomantovani/projects/forceupdate/forceupdate-reactnative/src/components/Loading.tsx","statementMap":{"0":{"start":{"line":5,"column":32},"end":{"line":17,"column":1}},"1":{"start":{"line":6,"column":2},"end":{"line":16,"column":4}}},"fnMap":{"0":{"name":"(anonymous_0)","decl":{"start":{"line":5,"column":32},"end":{"line":5,"column":33}},"loc":{"start":{"line":5,"column":38},"end":{"line":17,"column":1}},"line":5}},"branchMap":{},"s":{"0":2,"1":51},"f":{"0":51},"b":{},"_coverageSchema":"1a1c01bbd47fc00a2c39e90264f33305004495a9","hash":"ba7aaa030a8d1079f685e716f3b05ad56c7dc6ec"}
,"/Users/joaomantovani/projects/forceupdate/forceupdate-reactnative/src/components/UpdateModal.tsx": {"path":"/Users/joaomantovani/projects/forceupdate/forceupdate-reactnative/src/components/UpdateModal.tsx","statementMap":{"0":{"start":{"line":17,"column":51},"end":{"line":71,"column":1}},"1":{"start":{"line":28,"column":23},"end":{"line":31,"column":27}},"2":{"start":{"line":29,"column":4},"end":{"line":29,"column":27}},"3":{"start":{"line":30,"column":4},"end":{"line":30,"column":31}},"4":{"start":{"line":33,"column":21},"end":{"line":35,"column":17}},"5":{"start":{"line":34,"column":4},"end":{"line":34,"column":29}},"6":{"start":{"line":37,"column":2},"end":{"line":64,"column":5}},"7":{"start":{"line":38,"column":4},"end":{"line":56,"column":6}},"8":{"start":{"line":66,"column":2},"end":{"line":68,"column":3}},"9":{"start":{"line":67,"column":4},"end":{"line":67,"column":61}},"10":{"start":{"line":70,"column":2},"end":{"line":70,"column":14}}},"fnMap":{"0":{"name":"(anonymous_0)","decl":{"start":{"line":17,"column":51},"end":{"line":17,"column":52}},"loc":{"start":{"line":27,"column":6},"end":{"line":71,"column":1}},"line":27},"1":{"name":"(anonymous_1)","decl":{"start":{"line":28,"column":35},"end":{"line":28,"column":36}},"loc":{"start":{"line":28,"column":41},"end":{"line":31,"column":3}},"line":28},"2":{"name":"(anonymous_2)","decl":{"start":{"line":33,"column":33},"end":{"line":33,"column":34}},"loc":{"start":{"line":33,"column":39},"end":{"line":35,"column":3}},"line":33},"3":{"name":"(anonymous_3)","decl":{"start":{"line":37,"column":18},"end":{"line":37,"column":19}},"loc":{"start":{"line":37,"column":24},"end":{"line":57,"column":3}},"line":37}},"branchMap":{"0":{"loc":{"start":{"line":25,"column":2},"end":{"line":25,"column":26}},"type":"default-arg","locations":[{"start":{"line":25,"column":22},"end":{"line":25,"column":26}}],"line":25},"1":{"loc":{"start":{"line":29,"column":4},"end":{"line":29,"column":26}},"type":"binary-expr","locations":[{"start":{"line":29,"column":4},"end":{"line":29,"column":12}},{"start":{"line":29,"column":16},"end":{"line":29,"column":26}}],"line":29},"2":{"loc":{"start":{"line":34,"column":4},"end":{"line":34,"column":28}},"type":"binary-expr","locations":[{"start":{"line":34,"column":4},"end":{"line":34,"column":13}},{"start":{"line":34,"column":17},"end":{"line":34,"column":28}}],"line":34},"3":{"loc":{"start":{"line":66,"column":2},"end":{"line":68,"column":3}},"type":"if","locations":[{"start":{"line":66,"column":2},"end":{"line":68,"column":3}},{"start":{},"end":{}}],"line":66}},"s":{"0":2,"1":11,"2":1,"3":1,"4":11,"5":1,"6":11,"7":11,"8":11,"9":10,"10":1},"f":{"0":11,"1":1,"2":1,"3":11},"b":{"0":[2],"1":[1,1],"2":[1,1],"3":[10,1]},"_coverageSchema":"1a1c01bbd47fc00a2c39e90264f33305004495a9","hash":"56dfa93e899841bdf6c053abdaa693cb5bdde28a"}
,"/Users/joaomantovani/projects/forceupdate/forceupdate-reactnative/src/services/fetchdata.ts": {"path":"/Users/joaomantovani/projects/forceupdate/forceupdate-reactnative/src/services/fetchdata.ts","statementMap":{"0":{"start":{"line":24,"column":16},"end":{"line":24,"column":20}},"1":{"start":{"line":25,"column":13},"end":{"line":25,"column":28}},"2":{"start":{"line":26,"column":17},"end":{"line":26,"column":65}},"3":{"start":{"line":34,"column":2},"end":{"line":64,"column":3}},"4":{"start":{"line":35,"column":21},"end":{"line":47,"column":6}},"5":{"start":{"line":49,"column":4},"end":{"line":58,"column":5}},"6":{"start":{"line":50,"column":24},"end":{"line":50,"column":54}},"7":{"start":{"line":51,"column":6},"end":{"line":57,"column":7}},"8":{"start":{"line":52,"column":8},"end":{"line":54,"column":11}},"9":{"start":{"line":56,"column":8},"end":{"line":56,"column":67}},"10":{"start":{"line":60,"column":40},"end":{"line":60,"column":61}},"11":{"start":{"line":61,"column":4},"end":{"line":61,"column":16}},"12":{"start":{"line":63,"column":4},"end":{"line":63,"column":16}}},"fnMap":{"0":{"name":"fetchData","decl":{"start":{"line":28,"column":22},"end":{"line":28,"column":31}},"loc":{"start":{"line":33,"column":47},"end":{"line":65,"column":1}},"line":33}},"branchMap":{"0":{"loc":{"start":{"line":49,"column":4},"end":{"line":58,"column":5}},"type":"if","locations":[{"start":{"line":49,"column":4},"end":{"line":58,"column":5}},{"start":{},"end":{}}],"line":49},"1":{"loc":{"start":{"line":56,"column":24},"end":{"line":56,"column":65}},"type":"binary-expr","locations":[{"start":{"line":56,"column":24},"end":{"line":56,"column":44}},{"start":{"line":56,"column":48},"end":{"line":56,"column":65}}],"line":56}},"s":{"0":1,"1":1,"2":1,"3":2,"4":2,"5":2,"6":1,"7":1,"8":1,"9":1,"10":1,"11":1,"12":1},"f":{"0":2},"b":{"0":[1,1],"1":[1,1]},"_coverageSchema":"1a1c01bbd47fc00a2c39e90264f33305004495a9","hash":"8a174b1c3a96fa7e03124e7197687e5c8201fdff"}
}
