TN:
SF:src/index.tsx
FN:28,(anonymous_0)
FN:51,(anonymous_1)
FN:64,(anonymous_2)
FN:71,(anonymous_3)
FN:78,(anonymous_4)
FNF:5
FNH:5
FNDA:64,(anonymous_0)
FNDA:21,(anonymous_1)
FNDA:17,(anonymous_2)
FNDA:5,(anonymous_3)
FNDA:21,(anonymous_4)
DA:28,1
DA:36,64
DA:37,64
DA:39,64
DA:49,64
DA:51,64
DA:52,21
DA:54,21
DA:55,20
DA:58,21
DA:65,17
DA:67,17
DA:68,16
DA:72,5
DA:74,5
DA:75,4
DA:79,21
DA:81,21
DA:82,20
DA:96,64
DA:97,43
DA:100,21
DA:101,5
DA:104,16
DA:105,3
DA:116,13
DA:117,5
DA:130,8
LF:28
LH:28
BRDA:54,0,0,20
BRDA:54,0,1,1
BRDA:67,1,0,16
BRDA:67,1,1,1
BRDA:74,2,0,4
BRDA:74,2,1,1
BRDA:81,3,0,20
BRDA:81,3,1,1
BRDA:96,4,0,43
BRDA:96,4,1,21
BRDA:100,5,0,5
BRDA:100,5,1,16
BRDA:104,6,0,3
BRDA:104,6,1,13
BRDA:111,7,0,1
BRDA:111,7,1,2
BRDA:116,8,0,5
BRDA:116,8,1,8
BRDA:124,9,0,3
BRDA:124,9,1,2
BRDA:125,10,0,3
BRDA:125,10,1,2
BRF:22
BRH:22
end_of_record
TN:
SF:src/components/Center.tsx
FN:8,(anonymous_0)
FNF:1
FNH:1
FNDA:52,(anonymous_0)
DA:8,4
DA:9,52
DA:16,4
LF:3
LH:3
BRF:0
BRH:0
end_of_record
TN:
SF:src/components/CustomModal.tsx
FN:26,(anonymous_0)
FN:42,(anonymous_1)
FNF:2
FNH:2
FNDA:8,(anonymous_0)
FNDA:10,(anonymous_1)
DA:24,3
DA:26,3
DA:27,8
DA:43,10
DA:56,3
LF:5
LH:5
BRF:0
BRH:0
end_of_record
TN:
SF:src/components/ErrorComponent.tsx
FN:5,ErrorComponent
FNF:1
FNH:1
FNDA:6,ErrorComponent
DA:10,6
LF:1
LH:1
BRF:0
BRH:0
end_of_record
TN:
SF:src/components/ForceUpdateModal.tsx
FN:13,(anonymous_0)
FN:20,(anonymous_1)
FNF:2
FNH:2
FNDA:6,(anonymous_0)
FNDA:3,(anonymous_1)
DA:13,2
DA:20,6
DA:21,3
DA:22,3
DA:25,6
LF:5
LH:5
BRDA:22,0,0,3
BRDA:22,0,1,3
BRF:2
BRH:2
end_of_record
TN:
SF:src/components/Loading.tsx
FN:5,(anonymous_0)
FNF:1
FNH:1
FNDA:45,(anonymous_0)
DA:5,2
DA:6,45
LF:2
LH:2
BRF:0
BRH:0
end_of_record
TN:
SF:src/components/UpdateModal.tsx
FN:14,(anonymous_0)
FN:23,(anonymous_1)
FN:28,(anonymous_2)
FN:32,(anonymous_3)
FNF:4
FNH:4
FNDA:7,(anonymous_0)
FNDA:1,(anonymous_1)
FNDA:1,(anonymous_2)
FNDA:7,(anonymous_3)
DA:14,2
DA:23,7
DA:24,1
DA:25,1
DA:28,7
DA:29,1
DA:32,7
DA:33,7
DA:61,7
LF:9
LH:9
BRDA:24,0,0,1
BRDA:24,0,1,1
BRDA:29,1,0,1
BRDA:29,1,1,1
BRF:4
BRH:4
end_of_record
TN:
SF:src/services/fetchdata.ts
FN:26,fetchData
FNF:1
FNH:1
FNDA:2,fetchData
DA:24,1
DA:32,2
DA:33,2
DA:47,2
DA:48,1
DA:49,1
DA:50,1
DA:54,1
DA:58,1
DA:59,1
DA:61,1
LF:11
LH:11
BRDA:47,0,0,1
BRDA:47,0,1,1
BRDA:54,1,0,1
BRDA:54,1,1,1
BRF:4
BRH:4
end_of_record
