TN:
SF:src/index.tsx
FN:29,(anonymous_0)
FN:53,(anonymous_1)
FN:66,(anonymous_2)
FN:73,(anonymous_3)
FN:80,(anonymous_4)
FNF:5
FNH:5
FNDA:73,(anonymous_0)
FNDA:24,(anonymous_1)
FNDA:20,(anonymous_2)
FNDA:5,(anonymous_3)
FNDA:24,(anonymous_4)
DA:29,1
DA:38,73
DA:39,73
DA:41,73
DA:51,73
DA:53,73
DA:54,24
DA:56,24
DA:57,23
DA:60,24
DA:67,20
DA:69,20
DA:70,19
DA:74,5
DA:76,5
DA:77,4
DA:81,24
DA:83,24
DA:84,23
DA:98,73
DA:99,49
DA:102,24
DA:103,5
DA:106,19
DA:107,4
DA:121,15
DA:122,7
DA:138,8
LF:28
LH:28
BRDA:35,0,0,67
BRDA:56,1,0,23
BRDA:56,1,1,1
BRDA:69,2,0,19
BRDA:69,2,1,1
BRDA:76,3,0,4
BRDA:76,3,1,1
BRDA:83,4,0,23
BRDA:83,4,1,1
BRDA:98,5,0,49
BRDA:98,5,1,24
BRDA:102,6,0,5
BRDA:102,6,1,19
BRDA:106,7,0,4
BRDA:106,7,1,15
BRDA:113,8,0,2
BRDA:113,8,1,2
BRDA:121,9,0,7
BRDA:121,9,1,8
BRDA:129,10,0,5
BRDA:129,10,1,2
BRDA:130,11,0,3
BRDA:130,11,1,4
BRF:23
BRH:23
end_of_record
TN:
SF:src/components/AppBackgroundView.tsx
FN:9,(anonymous_0)
FNF:1
FNH:1
FNDA:18,(anonymous_0)
DA:9,5
DA:12,18
DA:19,5
LF:3
LH:3
BRF:0
BRH:0
end_of_record
TN:
SF:src/components/CustomModal.tsx
FN:28,(anonymous_0)
FN:51,(anonymous_1)
FNF:2
FNH:2
FNDA:11,(anonymous_0)
FNDA:13,(anonymous_1)
DA:26,3
DA:28,3
DA:34,11
DA:52,13
DA:66,3
LF:5
LH:5
BRDA:36,0,0,11
BRDA:36,0,1,7
BRF:2
BRH:2
end_of_record
TN:
SF:src/components/ForceUpdateModal.tsx
FN:15,(anonymous_0)
FN:24,(anonymous_1)
FNF:2
FNH:2
FNDA:9,(anonymous_0)
FNDA:3,(anonymous_1)
DA:15,2
DA:24,9
DA:25,3
DA:26,3
DA:29,9
LF:5
LH:5
BRDA:26,0,0,3
BRDA:26,0,1,3
BRDA:42,1,0,7
BRDA:42,1,1,2
BRF:4
BRH:4
end_of_record
TN:
SF:src/components/UpdateModal.tsx
FN:17,(anonymous_0)
FN:28,(anonymous_1)
FN:33,(anonymous_2)
FN:37,(anonymous_3)
FNF:4
FNH:4
FNDA:11,(anonymous_0)
FNDA:1,(anonymous_1)
FNDA:1,(anonymous_2)
FNDA:11,(anonymous_3)
DA:17,2
DA:28,11
DA:29,1
DA:30,1
DA:33,11
DA:34,1
DA:37,11
DA:38,11
DA:66,11
DA:67,10
DA:70,1
LF:11
LH:11
BRDA:25,0,0,2
BRDA:29,1,0,1
BRDA:29,1,1,1
BRDA:34,2,0,1
BRDA:34,2,1,1
BRDA:66,3,0,10
BRDA:66,3,1,1
BRF:7
BRH:7
end_of_record
